0 info it worked if it ends with ok
1 verbose cli [ '/Users/Daniel/.nvm/versions/node/v6.4.0/bin/node',
1 verbose cli   '/Users/Daniel/.nvm/versions/node/v6.4.0/bin/npm',
1 verbose cli   'install',
1 verbose cli   'bulma',
1 verbose cli   '--save',
1 verbose cli   'public/css' ]
2 info using npm@3.10.3
3 info using node@v6.4.0
4 silly loadCurrentTree Starting
5 silly install loadCurrentTree
6 silly install readLocalPackageData
7 silly fetchPackageMetaData bulma@^0.2.3
8 silly fetchPackageMetaData public/css
9 silly fetchNamedPackageData bulma
10 silly mapToRegistry name bulma
11 silly mapToRegistry using default registry
12 silly mapToRegistry registry https://registry.npmjs.org/
13 silly mapToRegistry data Result {
13 silly mapToRegistry   raw: 'bulma',
13 silly mapToRegistry   scope: null,
13 silly mapToRegistry   escapedName: 'bulma',
13 silly mapToRegistry   name: 'bulma',
13 silly mapToRegistry   rawSpec: '',
13 silly mapToRegistry   spec: 'latest',
13 silly mapToRegistry   type: 'tag' }
14 silly mapToRegistry uri https://registry.npmjs.org/bulma
15 silly fetchOtherPackageData public/css
16 silly cache add args [ 'public/css', null ]
17 verbose cache add spec public/css
18 silly cache add parsed spec Result {
18 silly cache add   raw: 'public/css',
18 silly cache add   scope: null,
18 silly cache add   escapedName: null,
18 silly cache add   name: null,
18 silly cache add   rawSpec: 'public/css',
18 silly cache add   spec: 'github:public/css',
18 silly cache add   type: 'hosted',
18 silly cache add   hosted:
18 silly cache add    { type: 'github',
18 silly cache add      ssh: 'git@github.com:public/css.git',
18 silly cache add      sshUrl: 'git+ssh://git@github.com/public/css.git',
18 silly cache add      httpsUrl: 'git+https://github.com/public/css.git',
18 silly cache add      gitUrl: 'git://github.com/public/css.git',
18 silly cache add      shortcut: 'github:public/css',
18 silly cache add      directUrl: 'https://raw.githubusercontent.com/public/css/master/package.json' } }
19 verbose addRemoteGit caching public/css
20 verbose addRemoteGit public/css is a repository hosted by github
21 silly tryGitProto attempting to clone git://github.com/public/css.git
22 silly tryClone cloning public/css via git://github.com/public/css.git
23 verbose tryClone git-github-com-public-css-git-e3d94488 not in flight; caching
24 verbose correctMkdir /Users/Daniel/.npm/_git-remotes correctMkdir not in flight; initializing
25 verbose makeDirectory /Users/Daniel/.npm/_git-remotes creation not in flight; initializing
26 silly makeDirectory /Users/Daniel/.npm/_git-remotes uid: 501 gid: 20
27 verbose request uri https://registry.npmjs.org/bulma
28 verbose request no auth needed
29 info attempt registry request try #1 at 6:19:23 PM
30 verbose request id 2d26ada46c17ce53
31 verbose etag "AWBJO0PEXS7NR6W8Q4E2N21DR"
32 http request GET https://registry.npmjs.org/bulma
33 info git [ 'clone',
33 info git   '--template=/Users/Daniel/.npm/_git-remotes/_templates',
33 info git   '--mirror',
33 info git   'git://github.com/public/css.git',
33 info git   '/Users/Daniel/.npm/_git-remotes/git-github-com-public-css-git-e3d94488' ]
34 http 304 https://registry.npmjs.org/bulma
35 verbose headers { date: 'Tue, 25 Oct 2016 23:19:23 GMT',
35 verbose headers   via: '1.1 varnish',
35 verbose headers   'cache-control': 'max-age=300',
35 verbose headers   etag: '"AWBJO0PEXS7NR6W8Q4E2N21DR"',
35 verbose headers   age: '86',
35 verbose headers   connection: 'keep-alive',
35 verbose headers   'x-served-by': 'cache-ord1731-ORD',
35 verbose headers   'x-cache': 'HIT',
35 verbose headers   'x-cache-hits': '1',
35 verbose headers   'x-timer': 'S1477437563.778187,VS0,VE0',
35 verbose headers   vary: 'Accept-Encoding' }
36 silly get cb [ 304,
36 silly get   { date: 'Tue, 25 Oct 2016 23:19:23 GMT',
36 silly get     via: '1.1 varnish',
36 silly get     'cache-control': 'max-age=300',
36 silly get     etag: '"AWBJO0PEXS7NR6W8Q4E2N21DR"',
36 silly get     age: '86',
36 silly get     connection: 'keep-alive',
36 silly get     'x-served-by': 'cache-ord1731-ORD',
36 silly get     'x-cache': 'HIT',
36 silly get     'x-cache-hits': '1',
36 silly get     'x-timer': 'S1477437563.778187,VS0,VE0',
36 silly get     vary: 'Accept-Encoding' } ]
37 verbose etag https://registry.npmjs.org/bulma from cache
38 verbose get saving bulma to /Users/Daniel/.npm/registry.npmjs.org/bulma/.cache.json
39 verbose correctMkdir /Users/Daniel/.npm correctMkdir not in flight; initializing
40 verbose git clone --template=/Users/Daniel/.npm/_git-remotes/_templates --mirror git://github.com/public/css.git /Users/Daniel/.npm/_git-remotes/git-github-com-public-css-git-e3d94488: Cloning into bare repository '/Users/Daniel/.npm/_git-remotes/git-github-com-public-css-git-e3d94488'...
40 verbose git clone --template=/Users/Daniel/.npm/_git-remotes/_templates --mirror git://github.com/public/css.git /Users/Daniel/.npm/_git-remotes/git-github-com-public-css-git-e3d94488: fatal: remote error:
40 verbose git clone --template=/Users/Daniel/.npm/_git-remotes/_templates --mirror git://github.com/public/css.git /Users/Daniel/.npm/_git-remotes/git-github-com-public-css-git-e3d94488:   Repository not found.
41 silly tryHTTPS attempting to clone git+https://github.com/public/css.git
42 silly tryClone cloning public/css via git+https://github.com/public/css.git
43 verbose tryClone git-https-github-com-public-css-git-238e38b1 not in flight; caching
44 verbose correctMkdir /Users/Daniel/.npm/_git-remotes correctMkdir not in flight; initializing
45 info git [ 'clone',
45 info git   '--template=/Users/Daniel/.npm/_git-remotes/_templates',
45 info git   '--mirror',
45 info git   'https://github.com/public/css.git',
45 info git   '/Users/Daniel/.npm/_git-remotes/git-https-github-com-public-css-git-238e38b1' ]
46 verbose git clone --template=/Users/Daniel/.npm/_git-remotes/_templates --mirror https://github.com/public/css.git /Users/Daniel/.npm/_git-remotes/git-https-github-com-public-css-git-238e38b1: Cloning into bare repository '/Users/Daniel/.npm/_git-remotes/git-https-github-com-public-css-git-238e38b1'...
46 verbose git clone --template=/Users/Daniel/.npm/_git-remotes/_templates --mirror https://github.com/public/css.git /Users/Daniel/.npm/_git-remotes/git-https-github-com-public-css-git-238e38b1: remote: Repository not found.
46 verbose git clone --template=/Users/Daniel/.npm/_git-remotes/_templates --mirror https://github.com/public/css.git /Users/Daniel/.npm/_git-remotes/git-https-github-com-public-css-git-238e38b1: fatal: repository 'https://github.com/public/css.git/' not found
47 silly trySSH attempting to clone git@github.com:public/css.git
48 silly tryClone cloning public/css via git@github.com:public/css.git
49 verbose tryClone git-github-com-public-css-git-e5050533 not in flight; caching
50 verbose correctMkdir /Users/Daniel/.npm/_git-remotes correctMkdir not in flight; initializing
51 info git [ 'clone',
51 info git   '--template=/Users/Daniel/.npm/_git-remotes/_templates',
51 info git   '--mirror',
51 info git   'git@github.com:public/css.git',
51 info git   '/Users/Daniel/.npm/_git-remotes/git-github-com-public-css-git-e5050533' ]
52 error git clone --template=/Users/Daniel/.npm/_git-remotes/_templates --mirror git@github.com:public/css.git /Users/Daniel/.npm/_git-remotes/git-github-com-public-css-git-e5050533: Cloning into bare repository '/Users/Daniel/.npm/_git-remotes/git-github-com-public-css-git-e5050533'...
52 error git clone --template=/Users/Daniel/.npm/_git-remotes/_templates --mirror git@github.com:public/css.git /Users/Daniel/.npm/_git-remotes/git-github-com-public-css-git-e5050533: Permission denied (publickey).
52 error git clone --template=/Users/Daniel/.npm/_git-remotes/_templates --mirror git@github.com:public/css.git /Users/Daniel/.npm/_git-remotes/git-github-com-public-css-git-e5050533: fatal: Could not read from remote repository.
52 error git clone --template=/Users/Daniel/.npm/_git-remotes/_templates --mirror git@github.com:public/css.git /Users/Daniel/.npm/_git-remotes/git-github-com-public-css-git-e5050533:
52 error git clone --template=/Users/Daniel/.npm/_git-remotes/_templates --mirror git@github.com:public/css.git /Users/Daniel/.npm/_git-remotes/git-github-com-public-css-git-e5050533: Please make sure you have the correct access rights
52 error git clone --template=/Users/Daniel/.npm/_git-remotes/_templates --mirror git@github.com:public/css.git /Users/Daniel/.npm/_git-remotes/git-github-com-public-css-git-e5050533: and the repository exists.
53 silly fetchPackageMetaData Error: Command failed: git clone --template=/Users/Daniel/.npm/_git-remotes/_templates --mirror git@github.com:public/css.git /Users/Daniel/.npm/_git-remotes/git-github-com-public-css-git-e5050533
53 silly fetchPackageMetaData Cloning into bare repository '/Users/Daniel/.npm/_git-remotes/git-github-com-public-css-git-e5050533'...
53 silly fetchPackageMetaData Permission denied (publickey).
53 silly fetchPackageMetaData fatal: Could not read from remote repository.
53 silly fetchPackageMetaData
53 silly fetchPackageMetaData Please make sure you have the correct access rights
53 silly fetchPackageMetaData and the repository exists.
53 silly fetchPackageMetaData
53 silly fetchPackageMetaData     at ChildProcess.exithandler (child_process.js:206:12)
53 silly fetchPackageMetaData     at emitTwo (events.js:106:13)
53 silly fetchPackageMetaData     at ChildProcess.emit (events.js:191:7)
53 silly fetchPackageMetaData     at maybeClose (internal/child_process.js:852:16)
53 silly fetchPackageMetaData     at Socket.<anonymous> (internal/child_process.js:323:11)
53 silly fetchPackageMetaData     at emitOne (events.js:96:13)
53 silly fetchPackageMetaData     at Socket.emit (events.js:188:7)
53 silly fetchPackageMetaData     at Pipe._handle.close [as _onclose] (net.js:492:12)
53 silly fetchPackageMetaData  error for public/css { Error: Command failed: git clone --template=/Users/Daniel/.npm/_git-remotes/_templates --mirror git@github.com:public/css.git /Users/Daniel/.npm/_git-remotes/git-github-com-public-css-git-e5050533
53 silly fetchPackageMetaData Cloning into bare repository '/Users/Daniel/.npm/_git-remotes/git-github-com-public-css-git-e5050533'...
53 silly fetchPackageMetaData Permission denied (publickey).
53 silly fetchPackageMetaData fatal: Could not read from remote repository.
53 silly fetchPackageMetaData
53 silly fetchPackageMetaData Please make sure you have the correct access rights
53 silly fetchPackageMetaData and the repository exists.
53 silly fetchPackageMetaData
53 silly fetchPackageMetaData     at ChildProcess.exithandler (child_process.js:206:12)
53 silly fetchPackageMetaData     at emitTwo (events.js:106:13)
53 silly fetchPackageMetaData     at ChildProcess.emit (events.js:191:7)
53 silly fetchPackageMetaData     at maybeClose (internal/child_process.js:852:16)
53 silly fetchPackageMetaData     at Socket.<anonymous> (internal/child_process.js:323:11)
53 silly fetchPackageMetaData     at emitOne (events.js:96:13)
53 silly fetchPackageMetaData     at Socket.emit (events.js:188:7)
53 silly fetchPackageMetaData     at Pipe._handle.close [as _onclose] (net.js:492:12)
53 silly fetchPackageMetaData   killed: false,
53 silly fetchPackageMetaData   code: 128,
53 silly fetchPackageMetaData   signal: null,
53 silly fetchPackageMetaData   cmd: 'git clone --template=/Users/Daniel/.npm/_git-remotes/_templates --mirror git@github.com:public/css.git /Users/Daniel/.npm/_git-remotes/git-github-com-public-css-git-e5050533' }
54 silly rollbackFailedOptional Starting
55 silly rollbackFailedOptional Finishing
56 silly runTopLevelLifecycles Starting
57 silly runTopLevelLifecycles Finishing
58 silly install printInstalled
59 verbose stack Error: Command failed: git clone --template=/Users/Daniel/.npm/_git-remotes/_templates --mirror git@github.com:public/css.git /Users/Daniel/.npm/_git-remotes/git-github-com-public-css-git-e5050533
59 verbose stack Cloning into bare repository '/Users/Daniel/.npm/_git-remotes/git-github-com-public-css-git-e5050533'...
59 verbose stack Permission denied (publickey).
59 verbose stack fatal: Could not read from remote repository.
59 verbose stack
59 verbose stack Please make sure you have the correct access rights
59 verbose stack and the repository exists.
59 verbose stack
59 verbose stack     at ChildProcess.exithandler (child_process.js:206:12)
59 verbose stack     at emitTwo (events.js:106:13)
59 verbose stack     at ChildProcess.emit (events.js:191:7)
59 verbose stack     at maybeClose (internal/child_process.js:852:16)
59 verbose stack     at Socket.<anonymous> (internal/child_process.js:323:11)
59 verbose stack     at emitOne (events.js:96:13)
59 verbose stack     at Socket.emit (events.js:188:7)
59 verbose stack     at Pipe._handle.close [as _onclose] (net.js:492:12)
60 verbose cwd /Users/Daniel/Desktop/koa-hello-world
61 error Darwin 15.6.0
62 error argv "/Users/Daniel/.nvm/versions/node/v6.4.0/bin/node" "/Users/Daniel/.nvm/versions/node/v6.4.0/bin/npm" "install" "bulma" "--save" "public/css"
63 error node v6.4.0
64 error npm  v3.10.3
65 error code 128
66 error Command failed: git clone --template=/Users/Daniel/.npm/_git-remotes/_templates --mirror git@github.com:public/css.git /Users/Daniel/.npm/_git-remotes/git-github-com-public-css-git-e5050533
66 error Cloning into bare repository '/Users/Daniel/.npm/_git-remotes/git-github-com-public-css-git-e5050533'...
66 error Permission denied (publickey).
66 error fatal: Could not read from remote repository.
66 error
66 error Please make sure you have the correct access rights
66 error and the repository exists.
67 error If you need help, you may report this error at:
67 error     <https://github.com/npm/npm/issues>
68 verbose exit [ 1, true ]
